<?xml version="1.0" encoding="UTF-8"?>
<!-- Generated by org.testng.reporters.JUnitReportReporter -->
<testsuite hostname="EDT-129" name="seleniumTest" tests="1" failures="1" timestamp="3 Mar 2015 10:17:15 GMT" time="168.509" errors="0">
  <testcase name="testcase_001" time="168.509" classname="seleniumTest">
    <failure type="org.openqa.selenium.WebDriverException" message="An unknown server-side error occurred while processing the command. (WARNING: The server did not provide any stacktrace information)
Command duration or timeout: 63 milliseconds
Build info: version: &#039;2.44.0&#039;, revision: &#039;76d78cf&#039;, time: &#039;2014-10-23 20:03:00&#039;
System info: host: &#039;EDT-129&#039;, ip: &#039;172.16.17.129&#039;, os.name: &#039;Windows Vista&#039;, os.arch: &#039;x86&#039;, os.version: &#039;6.0&#039;, java.version: &#039;1.7.0_02&#039;
Session ID: efdfebac-6291-4aad-b5d1-2895930c4dc3
Driver info: org.openqa.selenium.remote.RemoteWebDriver
Capabilities [{platform=WINDOWS, app=D:\Back up\AppiumForWindows-1.3.4.1\MAG_Cryptall_Build_V1.0.13.apk, javascriptEnabled=true, browserName=Android, networkConnectionEnabled=true, desired={platform=WINDOWS, app=D:\Back up\AppiumForWindows-1.3.4.1\MAG_Cryptall_Build_V1.0.13.apk, platformName=Android, deviceName=Nexus 5, device=Android, version=5.0.1}, locationContextEnabled=false, version=5.0.1, platformVersion=4.1, databaseEnabled=false, platformName=Android, deviceName=Nexus 5, webStorageEnabled=false, device=Android, warnings={}, takesScreenshot=true}]">
      <![CDATA[org.openqa.selenium.WebDriverException: An unknown server-side error occurred while processing the command. (WARNING: The server did not provide any stacktrace information)
Command duration or timeout: 63 milliseconds
Build info: version: '2.44.0', revision: '76d78cf', time: '2014-10-23 20:03:00'
System info: host: 'EDT-129', ip: '172.16.17.129', os.name: 'Windows Vista', os.arch: 'x86', os.version: '6.0', java.version: '1.7.0_02'
Session ID: efdfebac-6291-4aad-b5d1-2895930c4dc3
Driver info: org.openqa.selenium.remote.RemoteWebDriver
Capabilities [{platform=WINDOWS, app=D:\Back up\AppiumForWindows-1.3.4.1\MAG_Cryptall_Build_V1.0.13.apk, javascriptEnabled=true, browserName=Android, networkConnectionEnabled=true, desired={platform=WINDOWS, app=D:\Back up\AppiumForWindows-1.3.4.1\MAG_Cryptall_Build_V1.0.13.apk, platformName=Android, deviceName=Nexus 5, device=Android, version=5.0.1}, locationContextEnabled=false, version=5.0.1, platformVersion=4.1, databaseEnabled=false, platformName=Android, deviceName=Nexus 5, webStorageEnabled=false, device=Android, warnings={}, takesScreenshot=true}]
	at sun.reflect.NativeConstructorAccessorImpl.newInstance0(Native Method)
	at sun.reflect.NativeConstructorAccessorImpl.newInstance(Unknown Source)
	at sun.reflect.DelegatingConstructorAccessorImpl.newInstance(Unknown Source)
	at java.lang.reflect.Constructor.newInstance(Unknown Source)
	at org.openqa.selenium.remote.ErrorHandler.createThrowable(ErrorHandler.java:204)
	at org.openqa.selenium.remote.ErrorHandler.throwIfResponseFailed(ErrorHandler.java:156)
	at org.openqa.selenium.remote.RemoteWebDriver.execute(RemoteWebDriver.java:599)
	at org.openqa.selenium.remote.RemoteWebDriver.findElement(RemoteWebDriver.java:352)
	at org.openqa.selenium.remote.RemoteWebDriver.findElementById(RemoteWebDriver.java:393)
	at org.openqa.selenium.By$ById.findElement(By.java:214)
	at org.openqa.selenium.remote.RemoteWebDriver.findElement(RemoteWebDriver.java:344)
	at seleniumTest.testcase_001(seleniumTest.java:114)
	at sun.reflect.NativeMethodAccessorImpl.invoke0(Native Method)
	at sun.reflect.NativeMethodAccessorImpl.invoke(Unknown Source)
	at sun.reflect.DelegatingMethodAccessorImpl.invoke(Unknown Source)
	at java.lang.reflect.Method.invoke(Unknown Source)
	at org.testng.internal.MethodInvocationHelper.invokeMethod(MethodInvocationHelper.java:84)
	at org.testng.internal.Invoker.invokeMethod(Invoker.java:714)
	at org.testng.internal.Invoker.invokeTestMethod(Invoker.java:901)
	at org.testng.internal.Invoker.invokeTestMethods(Invoker.java:1231)
	at org.testng.internal.TestMethodWorker.invokeTestMethods(TestMethodWorker.java:127)
	at org.testng.internal.TestMethodWorker.run(TestMethodWorker.java:111)
	at org.testng.TestRunner.privateRun(TestRunner.java:767)
	at org.testng.TestRunner.run(TestRunner.java:617)
	at org.testng.SuiteRunner.runTest(SuiteRunner.java:334)
	at org.testng.SuiteRunner.runSequentially(SuiteRunner.java:329)
	at org.testng.SuiteRunner.privateRun(SuiteRunner.java:291)
	at org.testng.SuiteRunner.run(SuiteRunner.java:240)
	at org.testng.SuiteRunnerWorker.runSuite(SuiteRunnerWorker.java:52)
	at org.testng.SuiteRunnerWorker.run(SuiteRunnerWorker.java:86)
	at org.testng.TestNG.runSuitesSequentially(TestNG.java:1224)
	at org.testng.TestNG.runSuitesLocally(TestNG.java:1149)
	at org.testng.TestNG.run(TestNG.java:1057)
	at org.testng.remote.RemoteTestNG.run(RemoteTestNG.java:111)
	at org.testng.remote.RemoteTestNG.initAndRun(RemoteTestNG.java:204)
	at org.testng.remote.RemoteTestNG.main(RemoteTestNG.java:175)
]]>
    </failure>
  </testcase> <!-- testcase_001 -->
</testsuite> <!-- seleniumTest -->
